[2m2025-04-17 18:23:26.664[0;39m [32m INFO[0;39m [35m305206[0;39m [2m---[0;39m [2m[           main][0;39m [36mc.learning.cognito.CognitoApplication   [0;39m [2m:[0;39m Starting CognitoApplication using Java 21.0.6 with PID 305206 (/home/dev1068/trup@softvan/Trup/trup@softvan.in/cognito/target/classes started by dev1068 in /home/dev1068/trup@softvan/Trup/trup@softvan.in/cognito)
[2m2025-04-17 18:23:26.667[0;39m [32m INFO[0;39m [35m305206[0;39m [2m---[0;39m [2m[           main][0;39m [36mc.learning.cognito.CognitoApplication   [0;39m [2m:[0;39m No active profile set, falling back to 1 default profile: "default"
[2m2025-04-17 18:23:27.322[0;39m [32m INFO[0;39m [35m305206[0;39m [2m---[0;39m [2m[           main][0;39m [36mo.s.b.w.embedded.tomcat.TomcatWebServer [0;39m [2m:[0;39m Tomcat initialized with port 8080 (http)
[2m2025-04-17 18:23:27.335[0;39m [32m INFO[0;39m [35m305206[0;39m [2m---[0;39m [2m[           main][0;39m [36mo.apache.catalina.core.StandardService  [0;39m [2m:[0;39m Starting service [Tomcat]
[2m2025-04-17 18:23:27.335[0;39m [32m INFO[0;39m [35m305206[0;39m [2m---[0;39m [2m[           main][0;39m [36mo.apache.catalina.core.StandardEngine   [0;39m [2m:[0;39m Starting Servlet engine: [Apache Tomcat/10.1.39]
[2m2025-04-17 18:23:27.366[0;39m [32m INFO[0;39m [35m305206[0;39m [2m---[0;39m [2m[           main][0;39m [36mo.a.c.c.C.[Tomcat].[localhost].[/]      [0;39m [2m:[0;39m Initializing Spring embedded WebApplicationContext
[2m2025-04-17 18:23:27.366[0;39m [32m INFO[0;39m [35m305206[0;39m [2m---[0;39m [2m[           main][0;39m [36mw.s.c.ServletWebServerApplicationContext[0;39m [2m:[0;39m Root WebApplicationContext: initialization completed in 664 ms
[2m2025-04-17 18:23:28.076[0;39m [32m INFO[0;39m [35m305206[0;39m [2m---[0;39m [2m[           main][0;39m [36mo.s.b.w.embedded.tomcat.TomcatWebServer [0;39m [2m:[0;39m Tomcat started on port 8080 (http) with context path '/'
[2m2025-04-17 18:23:28.083[0;39m [32m INFO[0;39m [35m305206[0;39m [2m---[0;39m [2m[           main][0;39m [36mc.learning.cognito.CognitoApplication   [0;39m [2m:[0;39m Started CognitoApplication in 1.804 seconds (process running for 2.516)
[2m2025-04-17 18:24:38.603[0;39m [32m INFO[0;39m [35m305206[0;39m [2m---[0;39m [2m[nio-8080-exec-1][0;39m [36mo.a.c.c.C.[Tomcat].[localhost].[/]      [0;39m [2m:[0;39m Initializing Spring DispatcherServlet 'dispatcherServlet'
[2m2025-04-17 18:24:38.604[0;39m [32m INFO[0;39m [35m305206[0;39m [2m---[0;39m [2m[nio-8080-exec-1][0;39m [36mo.s.web.servlet.DispatcherServlet       [0;39m [2m:[0;39m Initializing Servlet 'dispatcherServlet'
[2m2025-04-17 18:24:38.604[0;39m [32m INFO[0;39m [35m305206[0;39m [2m---[0;39m [2m[nio-8080-exec-1][0;39m [36mo.s.web.servlet.DispatcherServlet       [0;39m [2m:[0;39m Completed initialization in 0 ms
[2m2025-04-17 18:24:39.366[0;39m [32m INFO[0;39m [35m305206[0;39m [2m---[0;39m [2m[nio-8080-exec-1][0;39m [36mc.l.cognito.service.CognitoService      [0;39m [2m:[0;39m User logged in successfully. : trup 
[2m2025-04-17 18:31:08.339[0;39m [32m INFO[0;39m [35m305206[0;39m [2m---[0;39m [2m[ionShutdownHook][0;39m [36mo.s.b.w.e.tomcat.GracefulShutdown       [0;39m [2m:[0;39m Commencing graceful shutdown. Waiting for active requests to complete
[2m2025-04-17 18:31:08.341[0;39m [32m INFO[0;39m [35m305206[0;39m [2m---[0;39m [2m[tomcat-shutdown][0;39m [36mo.s.b.w.e.tomcat.GracefulShutdown       [0;39m [2m:[0;39m Graceful shutdown complete
[2m2025-04-17T18:31:13.984+05:30[0;39m [32m INFO[0;39m [35m310404[0;39m [2m--- [           main] [0;39m[36mc.learning.cognito.CognitoApplication   [0;39m [2m:[0;39m Starting CognitoApplication using Java 21.0.6 with PID 310404 (/home/dev1068/trup@softvan/Trup/trup@softvan.in/cognito/target/classes started by dev1068 in /home/dev1068/trup@softvan/Trup/trup@softvan.in/cognito)
[2m2025-04-17T18:31:13.994+05:30[0;39m [32m INFO[0;39m [35m310404[0;39m [2m--- [           main] [0;39m[36mc.learning.cognito.CognitoApplication   [0;39m [2m:[0;39m No active profile set, falling back to 1 default profile: "default"
[2m2025-04-17T18:31:14.655+05:30[0;39m [32m INFO[0;39m [35m310404[0;39m [2m--- [           main] [0;39m[36mo.s.b.w.embedded.tomcat.TomcatWebServer [0;39m [2m:[0;39m Tomcat initialized with port 8080 (http)
[2m2025-04-17T18:31:14.664+05:30[0;39m [32m INFO[0;39m [35m310404[0;39m [2m--- [           main] [0;39m[36mo.apache.catalina.core.StandardService  [0;39m [2m:[0;39m Starting service [Tomcat]
[2m2025-04-17T18:31:14.665+05:30[0;39m [32m INFO[0;39m [35m310404[0;39m [2m--- [           main] [0;39m[36mo.apache.catalina.core.StandardEngine   [0;39m [2m:[0;39m Starting Servlet engine: [Apache Tomcat/10.1.39]
[2m2025-04-17T18:31:14.693+05:30[0;39m [32m INFO[0;39m [35m310404[0;39m [2m--- [           main] [0;39m[36mo.a.c.c.C.[Tomcat].[localhost].[/]      [0;39m [2m:[0;39m Initializing Spring embedded WebApplicationContext
[2m2025-04-17T18:31:14.694+05:30[0;39m [32m INFO[0;39m [35m310404[0;39m [2m--- [           main] [0;39m[36mw.s.c.ServletWebServerApplicationContext[0;39m [2m:[0;39m Root WebApplicationContext: initialization completed in 662 ms
[2m2025-04-17T18:31:15.389+05:30[0;39m [32m INFO[0;39m [35m310404[0;39m [2m--- [           main] [0;39m[36mo.s.b.w.embedded.tomcat.TomcatWebServer [0;39m [2m:[0;39m Tomcat started on port 8080 (http) with context path '/'
[2m2025-04-17T18:31:15.396+05:30[0;39m [32m INFO[0;39m [35m310404[0;39m [2m--- [           main] [0;39m[36mc.learning.cognito.CognitoApplication   [0;39m [2m:[0;39m Started CognitoApplication in 1.756 seconds (process running for 2.647)
[2m2025-04-17T18:31:22.007+05:30[0;39m [32m INFO[0;39m [35m310404[0;39m [2m--- [nio-8080-exec-1] [0;39m[36mo.a.c.c.C.[Tomcat].[localhost].[/]      [0;39m [2m:[0;39m Initializing Spring DispatcherServlet 'dispatcherServlet'
[2m2025-04-17T18:31:22.007+05:30[0;39m [32m INFO[0;39m [35m310404[0;39m [2m--- [nio-8080-exec-1] [0;39m[36mo.s.web.servlet.DispatcherServlet       [0;39m [2m:[0;39m Initializing Servlet 'dispatcherServlet'
[2m2025-04-17T18:31:22.009+05:30[0;39m [32m INFO[0;39m [35m310404[0;39m [2m--- [nio-8080-exec-1] [0;39m[36mo.s.web.servlet.DispatcherServlet       [0;39m [2m:[0;39m Completed initialization in 1 ms
[2m2025-04-17T18:31:22.828+05:30[0;39m [32m INFO[0;39m [35m310404[0;39m [2m--- [nio-8080-exec-1] [0;39m[36mc.l.cognito.service.CognitoService      [0;39m [2m:[0;39m User logged in successfully. : trup 
[2m2025-04-17T18:32:39.694+05:30[0;39m [32m INFO[0;39m [35m310404[0;39m [2m--- [nio-8080-exec-4] [0;39m[36mc.l.cognito.service.CognitoService      [0;39m [2m:[0;39m User logged in successfully. : trup 
[2m2025-04-17T18:32:42.654+05:30[0;39m [32m INFO[0;39m [35m310404[0;39m [2m--- [ionShutdownHook] [0;39m[36mo.s.b.w.e.tomcat.GracefulShutdown       [0;39m [2m:[0;39m Commencing graceful shutdown. Waiting for active requests to complete
[2m2025-04-17T18:32:42.656+05:30[0;39m [32m INFO[0;39m [35m310404[0;39m [2m--- [tomcat-shutdown] [0;39m[36mo.s.b.w.e.tomcat.GracefulShutdown       [0;39m [2m:[0;39m Graceful shutdown complete
[2m2025-04-17 18:32:48.102[0;39m [32m INFO[0;39m [35m311500[0;39m [2m---[0;39m [2m[           main][0;39m [36mc.learning.cognito.CognitoApplication   [0;39m [2m:[0;39m Starting CognitoApplication using Java 21.0.6 with PID 311500 (/home/dev1068/trup@softvan/Trup/trup@softvan.in/cognito/target/classes started by dev1068 in /home/dev1068/trup@softvan/Trup/trup@softvan.in/cognito)
[2m2025-04-17 18:32:48.104[0;39m [32m INFO[0;39m [35m311500[0;39m [2m---[0;39m [2m[           main][0;39m [36mc.learning.cognito.CognitoApplication   [0;39m [2m:[0;39m No active profile set, falling back to 1 default profile: "default"
[2m2025-04-17 18:32:48.790[0;39m [32m INFO[0;39m [35m311500[0;39m [2m---[0;39m [2m[           main][0;39m [36mo.s.b.w.embedded.tomcat.TomcatWebServer [0;39m [2m:[0;39m Tomcat initialized with port 8080 (http)
[2m2025-04-17 18:32:48.800[0;39m [32m INFO[0;39m [35m311500[0;39m [2m---[0;39m [2m[           main][0;39m [36mo.apache.catalina.core.StandardService  [0;39m [2m:[0;39m Starting service [Tomcat]
[2m2025-04-17 18:32:48.800[0;39m [32m INFO[0;39m [35m311500[0;39m [2m---[0;39m [2m[           main][0;39m [36mo.apache.catalina.core.StandardEngine   [0;39m [2m:[0;39m Starting Servlet engine: [Apache Tomcat/10.1.39]
[2m2025-04-17 18:32:48.830[0;39m [32m INFO[0;39m [35m311500[0;39m [2m---[0;39m [2m[           main][0;39m [36mo.a.c.c.C.[Tomcat].[localhost].[/]      [0;39m [2m:[0;39m Initializing Spring embedded WebApplicationContext
[2m2025-04-17 18:32:48.831[0;39m [32m INFO[0;39m [35m311500[0;39m [2m---[0;39m [2m[           main][0;39m [36mw.s.c.ServletWebServerApplicationContext[0;39m [2m:[0;39m Root WebApplicationContext: initialization completed in 692 ms
[2m2025-04-17 18:32:49.656[0;39m [32m INFO[0;39m [35m311500[0;39m [2m---[0;39m [2m[           main][0;39m [36mo.s.b.w.embedded.tomcat.TomcatWebServer [0;39m [2m:[0;39m Tomcat started on port 8080 (http) with context path '/'
[2m2025-04-17 18:32:49.663[0;39m [32m INFO[0;39m [35m311500[0;39m [2m---[0;39m [2m[           main][0;39m [36mc.learning.cognito.CognitoApplication   [0;39m [2m:[0;39m Started CognitoApplication in 1.985 seconds (process running for 2.684)
[2m2025-04-17 18:32:56.302[0;39m [32m INFO[0;39m [35m311500[0;39m [2m---[0;39m [2m[nio-8080-exec-2][0;39m [36mo.a.c.c.C.[Tomcat].[localhost].[/]      [0;39m [2m:[0;39m Initializing Spring DispatcherServlet 'dispatcherServlet'
[2m2025-04-17 18:32:56.302[0;39m [32m INFO[0;39m [35m311500[0;39m [2m---[0;39m [2m[nio-8080-exec-2][0;39m [36mo.s.web.servlet.DispatcherServlet       [0;39m [2m:[0;39m Initializing Servlet 'dispatcherServlet'
[2m2025-04-17 18:32:56.303[0;39m [32m INFO[0;39m [35m311500[0;39m [2m---[0;39m [2m[nio-8080-exec-2][0;39m [36mo.s.web.servlet.DispatcherServlet       [0;39m [2m:[0;39m Completed initialization in 1 ms
[2m2025-04-17 18:32:56.989[0;39m [32m INFO[0;39m [35m311500[0;39m [2m---[0;39m [2m[nio-8080-exec-2][0;39m [36mc.l.cognito.service.CognitoService      [0;39m [2m:[0;39m User logged in successfully. : trup 
